<?xml version="1.0" encoding="UTF-8"?>
<testsuite hostname="Shruti" tests="4" failures="0" timestamp="19 Mar 2019 15:44:20 GMT" time="7.875" errors="0">
  <testcase name="requestZipCodeCollection_checkPlaceNameInResponseBody_expectPlaceName" time="5.055" classname="ParameterizedGetRequest"/>
  <testcase name="requestZipCodeCollection_checkPlaceNameInResponseBody_expectPlaceName" time="0.628" classname="ParameterizedGetRequest"/>
  <testcase name="requestZipCodeCollection_checkPlaceNameInResponseBody_expectPlaceName" time="0.65" classname="ParameterizedGetRequest"/>
  <testcase name="requestZipCodeCollection_checkPlaceNameInResponseBody_expectPlaceName" time="0.623" classname="ParameterizedGetRequest"/>
</testsuite>
