<?xml version="1.0" encoding="UTF-8"?>
<testng-results skipped="0" failed="0" total="4" passed="4">
  <reporter-output>
  </reporter-output>
  <suite name="Default suite" duration-ms="7875" started-at="2019-03-19T21:14:12Z" finished-at="2019-03-19T21:14:20Z">
    <groups>
    </groups>
    <test name="Default test" duration-ms="7875" started-at="2019-03-19T21:14:12Z" finished-at="2019-03-19T21:14:20Z">
      <class name="ParameterizedGetRequest">
        <test-method status="PASS" signature="createRequestSpecificatio()" name="createRequestSpecificatio" is-config="true" duration-ms="890" started-at="2019-03-19T21:14:12Z" finished-at="2019-03-19T21:14:13Z">
        </test-method>
        <test-method status="PASS" signature="requestZipCodeCollection_checkPlaceNameInResponseBody_expectPlaceName(java.lang.String, java.lang.String, java.lang.String)" name="requestZipCodeCollection_checkPlaceNameInResponseBody_expectPlaceName" duration-ms="5055" started-at="2019-03-19T21:14:13Z" finished-at="2019-03-19T21:14:18Z">
          <params>
            <param index="0">
              <value>
                <![CDATA[us]]>
              </value>
            </param>
            <param index="1">
              <value>
                <![CDATA[90210]]>
              </value>
            </param>
            <param index="2">
              <value>
                <![CDATA[Beverly Hills]]>
              </value>
            </param>
          </params>
        </test-method>
        <test-method status="PASS" signature="requestZipCodeCollection_checkPlaceNameInResponseBody_expectPlaceName(java.lang.String, java.lang.String, java.lang.String)" name="requestZipCodeCollection_checkPlaceNameInResponseBody_expectPlaceName" duration-ms="628" started-at="2019-03-19T21:14:18Z" finished-at="2019-03-19T21:14:18Z">
          <params>
            <param index="0">
              <value>
                <![CDATA[us]]>
              </value>
            </param>
            <param index="1">
              <value>
                <![CDATA[12345]]>
              </value>
            </param>
            <param index="2">
              <value>
                <![CDATA[Schenectady]]>
              </value>
            </param>
          </params>
        </test-method>
        <test-method status="PASS" signature="requestZipCodeCollection_checkPlaceNameInResponseBody_expectPlaceName(java.lang.String, java.lang.String, java.lang.String)" name="requestZipCodeCollection_checkPlaceNameInResponseBody_expectPlaceName" duration-ms="650" started-at="2019-03-19T21:14:18Z" finished-at="2019-03-19T21:14:19Z">
          <params>
            <param index="0">
              <value>
                <![CDATA[ca]]>
              </value>
            </param>
            <param index="1">
              <value>
                <![CDATA[B2R]]>
              </value>
            </param>
            <param index="2">
              <value>
                <![CDATA[Waverley]]>
              </value>
            </param>
          </params>
        </test-method>
        <test-method status="PASS" signature="requestZipCodeCollection_checkPlaceNameInResponseBody_expectPlaceName(java.lang.String, java.lang.String, java.lang.String)" name="requestZipCodeCollection_checkPlaceNameInResponseBody_expectPlaceName" duration-ms="623" started-at="2019-03-19T21:14:19Z" finished-at="2019-03-19T21:14:20Z">
          <params>
            <param index="0">
              <value>
                <![CDATA[nl]]>
              </value>
            </param>
            <param index="1">
              <value>
                <![CDATA[1001]]>
              </value>
            </param>
            <param index="2">
              <value>
                <![CDATA[Amsterdam]]>
              </value>
            </param>
          </params>
        </test-method>
      </class>
    </test>
  </suite>
</testng-results>
